#
# There is insufficient memory for the Java Runtime Environment to continue.
# Native memory allocation (mmap) failed to map 201326592 bytes for G1 virtual space
# Possible reasons:
#   The system is out of physical RAM or swap space
#   The process is running with CompressedOops enabled, and the Java Heap may be blocking the growth of the native heap
# Possible solutions:
#   Reduce memory load on the system
#   Increase physical memory or swap space
#   Check if swap backing store is full
#   Decrease Java heap size (-Xmx/-Xms)
#   Decrease number of Java threads
#   Decrease Java thread stack sizes (-Xss)
#   Set larger code cache with -XX:ReservedCodeCacheSize=
#   JVM is running with Zero Based Compressed Oops mode in which the Java heap is
#     placed in the first 32GB address space. The Java Heap base address is the
#     maximum limit for the native heap growth. Please use -XX:HeapBaseMinAddress
#     to set the Java Heap base and to place the Java Heap above 32GB virtual address.
# This output file may be truncated or incomplete.
#
#  Out of Memory Error (os_windows.cpp:3825), pid=18496, tid=20388
#
# JRE version:  (17.0.9+7) (build )
# Java VM: OpenJDK 64-Bit Server VM (17.0.9+7-b1000.46, mixed mode, sharing, tiered, compressed oops, compressed class ptrs, g1 gc, windows-amd64)
# No core dump will be written. Minidumps are not enabled by default on client versions of Windows
#

---------------  S U M M A R Y ------------

Command Line: git4idea.http.GitAskPassApp Username for 'https://git.jetbrains.space': 

Host: Intel(R) Core(TM) i5-4590 CPU @ 3.30GHz, 4 cores, 11G,  Windows 10 , 64 bit Build 19041 (10.0.19041.1)
Time: Thu Jan 25 18:26:14 2024  Windows 10 , 64 bit Build 19041 (10.0.19041.1) elapsed time: 0.039432 seconds (0d 0h 0m 0s)

---------------  T H R E A D  ---------------

Current thread (0x000001c26a75e310):  JavaThread "Unknown thread" [_thread_in_vm, id=20388, stack(0x0000009002c00000,0x0000009002d00000)]

Stack: [0x0000009002c00000,0x0000009002d00000]
Native frames: (J=compiled Java code, j=interpreted, Vv=VM code, C=native code)
V  [jvm.dll+0x6886e9]
V  [jvm.dll+0x841e4a]
V  [jvm.dll+0x843a8e]
V  [jvm.dll+0x8440f3]
V  [jvm.dll+0x24c14f]
V  [jvm.dll+0x685499]
V  [jvm.dll+0x679c2a]
V  [jvm.dll+0x30cf9b]
V  [jvm.dll+0x314446]
V  [jvm.dll+0x36425e]
V  [jvm.dll+0x36448f]
V  [jvm.dll+0x2e2d68]
V  [jvm.dll+0x2e3cd4]
V  [jvm.dll+0x8129f1]
V  [jvm.dll+0x3720c1]
V  [jvm.dll+0x7f152c]
V  [jvm.dll+0x3f5d4f]
V  [jvm.dll+0x3f7981]
C  [jli.dll+0x528f]
C  [ucrtbase.dll+0x21542]
C  [KERNEL32.DLL+0x16fd4]
C  [ntdll.dll+0x4cf31]


---------------  P R O C E S S  ---------------

Threads class SMR info:
_java_thread_list=0x00007fffe117ef18, length=0, elements={
}

Java Threads: ( => current thread )

Other Threads:
  0x000001c26a7b3d80 GCTaskThread "GC Thread#0" [stack: 0x0000009002d00000,0x0000009002e00000] [id=6388]
  0x000001c26a7c09f0 ConcurrentGCThread "G1 Main Marker" [stack: 0x0000009002e00000,0x0000009002f00000] [id=17640]
  0x000001c26a7c1320 ConcurrentGCThread "G1 Conc#0" [stack: 0x0000009002f00000,0x0000009003000000] [id=20452]

[error occurred during error reporting (printing all threads), id 0xc0000005, EXCEPTION_ACCESS_VIOLATION (0xc0000005) at pc=0x00007fffe0933937]

VM state: not at safepoint (not fully initialized)

VM Mutex/Monitor currently owned by a thread:  ([mutex/lock_event])
[0x000001c26a758f10] Heap_lock - owner thread: 0x000001c26a75e310

Heap address: 0x0000000741e00000, size: 3042 MB, Compressed Oops mode: Zero based, Oop shift amount: 3

CDS archive(s) mapped at: [0x0000000000000000-0x0000000000000000-0x0000000000000000), size 0, SharedBaseAddress: 0x0000000800000000, ArchiveRelocationMode: 1.
Narrow klass base: 0x0000000000000000, Narrow klass shift: 0, Narrow klass range: 0x0

GC Precious Log:
<Empty>

Heap:
 garbage-first heap   total 0K, used 0K [0x0000000741e00000, 0x0000000800000000)
  region size 2048K, 0 young (0K), 0 survivors (0K)
 Metaspace       used 0K, committed 0K, reserved 0K
  class space    used 0K, committed 0K, reserved 0K

Heap Regions: E=young(eden), S=young(survivor), O=old, HS=humongous(starts), HC=humongous(continues), CS=collection set, F=free, OA=open archive, CA=closed archive, TAMS=top-at-mark-start (previous, next)

Card table byte_map: [0x000001c27de30000,0x000001c27e430000] _byte_map_base: 0x000001c27a421000

Marking Bits (Prev, Next): (CMBitMap*) 0x000001c26a7b42b0, (CMBitMap*) 0x000001c26a7b42f0
 Prev Bits: [0x000001c200000000, 0x000001c202f88000)
 Next Bits: [0x000001c202f90000, 0x000001c205f18000)

GC Heap History (0 events):
No events

Dll operation events (1 events):
Event: 0.014 Loaded shared library F:\JetBrains\PyCharm Community\jbr\bin\java.dll

Deoptimization events (0 events):
No events

Classes unloaded (0 events):
No events

Classes redefined (0 events):
No events

Internal exceptions (0 events):
No events

VM Operations (0 events):
No events

Events (0 events):
No events


Dynamic libraries:
0x00007ff71abd0000 - 0x00007ff71abda000 	F:\JetBrains\PyCharm Community\jbr\bin\java.exe
0x00007ff846290000 - 0x00007ff846484000 	C:\WINDOWS\SYSTEM32\ntdll.dll
0x00007ff845080000 - 0x00007ff84513d000 	C:\WINDOWS\System32\KERNEL32.DLL
0x00007ff843e20000 - 0x00007ff8440e7000 	C:\WINDOWS\System32\KERNELBASE.dll
0x00007ff843b10000 - 0x00007ff843c10000 	C:\WINDOWS\System32\ucrtbase.dll
0x00007ff83b3a0000 - 0x00007ff83b3b7000 	F:\JetBrains\PyCharm Community\jbr\bin\jli.dll
0x00007ff81f6e0000 - 0x00007ff81f6fb000 	F:\JetBrains\PyCharm Community\jbr\bin\VCRUNTIME140.dll
0x00007ff844580000 - 0x00007ff844720000 	C:\WINDOWS\System32\USER32.dll
0x00007ff843ae0000 - 0x00007ff843b02000 	C:\WINDOWS\System32\win32u.dll
0x00007ff8343e0000 - 0x00007ff83467a000 	C:\WINDOWS\WinSxS\amd64_microsoft.windows.common-controls_6595b64144ccf1df_6.0.19041.1_none_b555e41d4684ddec\COMCTL32.dll
0x00007ff8458f0000 - 0x00007ff84591a000 	C:\WINDOWS\System32\GDI32.dll
0x00007ff8439d0000 - 0x00007ff843ada000 	C:\WINDOWS\System32\gdi32full.dll
0x00007ff844fe0000 - 0x00007ff84507e000 	C:\WINDOWS\System32\msvcrt.dll
0x00007ff8440f0000 - 0x00007ff84418d000 	C:\WINDOWS\System32\msvcp_win.dll
0x00007ff844720000 - 0x00007ff844750000 	C:\WINDOWS\System32\IMM32.DLL
0x000000005b410000 - 0x000000005b41d000 	C:\Program Files (x86)\360\360Safe\safemon\SafeWrapper.dll
0x00007ff844e00000 - 0x00007ff844eaa000 	C:\WINDOWS\System32\ADVAPI32.dll
0x00007ff844f40000 - 0x00007ff844fdb000 	C:\WINDOWS\System32\sechost.dll
0x00007ff844450000 - 0x00007ff844573000 	C:\WINDOWS\System32\RPCRT4.dll
0x00007ff8311d0000 - 0x00007ff83127c000 	C:\Program Files (x86)\360\360Safe\safemon\libzdtp64.dll
0x00007ff845150000 - 0x00007ff845881000 	C:\WINDOWS\System32\SHELL32.dll
0x00007ff845890000 - 0x00007ff8458e5000 	C:\WINDOWS\System32\SHLWAPI.dll
0x00007ff843500000 - 0x00007ff84350a000 	C:\WINDOWS\SYSTEM32\VERSION.dll
0x00007ff835430000 - 0x00007ff83543c000 	F:\JetBrains\PyCharm Community\jbr\bin\vcruntime140_1.dll
0x00007ff8159a0000 - 0x00007ff815a2d000 	F:\JetBrains\PyCharm Community\jbr\bin\msvcp140.dll
0x00007fffe0640000 - 0x00007fffe12c3000 	F:\JetBrains\PyCharm Community\jbr\bin\server\jvm.dll
0x00007ff843840000 - 0x00007ff84388b000 	C:\WINDOWS\SYSTEM32\POWRPROF.dll
0x00007ff817de0000 - 0x00007ff817de9000 	C:\WINDOWS\SYSTEM32\WSOCK32.dll
0x00007ff845af0000 - 0x00007ff845b5b000 	C:\WINDOWS\System32\WS2_32.dll
0x00007ff832090000 - 0x00007ff8320b7000 	C:\WINDOWS\SYSTEM32\WINMM.dll
0x00007ff843720000 - 0x00007ff843732000 	C:\WINDOWS\SYSTEM32\UMPDC.dll
0x00007ff8422c0000 - 0x00007ff8422d3000 	C:\WINDOWS\SYSTEM32\kernel.appcore.dll
0x00007ff83e600000 - 0x00007ff83e60a000 	F:\JetBrains\PyCharm Community\jbr\bin\jimage.dll
0x00007ff841df0000 - 0x00007ff841fd4000 	C:\WINDOWS\SYSTEM32\DBGHELP.DLL
0x00007ff829670000 - 0x00007ff82969c000 	C:\WINDOWS\SYSTEM32\dbgcore.DLL
0x00007ff844190000 - 0x00007ff84420f000 	C:\WINDOWS\System32\bcryptPrimitives.dll
0x00007ff83dfd0000 - 0x00007ff83dff5000 	F:\JetBrains\PyCharm Community\jbr\bin\java.dll

dbghelp: loaded successfully - version: 4.0.5 - missing functions: none
symbol engine: initialized successfully - sym options: 0x614 - pdb path: .;F:\JetBrains\PyCharm Community\jbr\bin;C:\WINDOWS\SYSTEM32;C:\WINDOWS\WinSxS\amd64_microsoft.windows.common-controls_6595b64144ccf1df_6.0.19041.1_none_b555e41d4684ddec;C:\Program Files (x86)\360\360Safe\safemon;F:\JetBrains\PyCharm Community\jbr\bin\server

VM Arguments:
java_command: git4idea.http.GitAskPassApp Username for 'https://git.jetbrains.space': 
java_class_path (initial): F:/JetBrains/PyCharm Community/plugins/vcs-git/lib/git4idea-rt.jar;F:/JetBrains/PyCharm Community/lib/externalProcess-rt.jar
Launcher Type: SUN_STANDARD

[Global flags]
     intx CICompilerCount                          = 3                                         {product} {ergonomic}
     uint ConcGCThreads                            = 1                                         {product} {ergonomic}
     uint G1ConcRefinementThreads                  = 4                                         {product} {ergonomic}
   size_t G1HeapRegionSize                         = 2097152                                   {product} {ergonomic}
    uintx GCDrainStackTargetSize                   = 64                                        {product} {ergonomic}
   size_t InitialHeapSize                          = 201326592                                 {product} {ergonomic}
   size_t MarkStackSize                            = 4194304                                   {product} {ergonomic}
   size_t MaxHeapSize                              = 3189768192                                {product} {ergonomic}
   size_t MinHeapDeltaBytes                        = 2097152                                   {product} {ergonomic}
   size_t MinHeapSize                              = 8388608                                   {product} {ergonomic}
    uintx NonNMethodCodeHeapSize                   = 5832780                                {pd product} {ergonomic}
    uintx NonProfiledCodeHeapSize                  = 122912730                              {pd product} {ergonomic}
    uintx ProfiledCodeHeapSize                     = 122912730                              {pd product} {ergonomic}
    uintx ReservedCodeCacheSize                    = 251658240                              {pd product} {ergonomic}
     bool SegmentedCodeCache                       = true                                      {product} {ergonomic}
   size_t SoftMaxHeapSize                          = 3189768192                             {manageable} {ergonomic}
     bool UseCompressedClassPointers               = true                           {product lp64_product} {ergonomic}
     bool UseCompressedOops                        = true                           {product lp64_product} {ergonomic}
     bool UseG1GC                                  = true                                      {product} {ergonomic}
     bool UseLargePagesIndividualAllocation        = false                                  {pd product} {ergonomic}

Logging:
Log output configuration:
 #0: stdout all=warning uptime,level,tags
 #1: stderr all=off uptime,level,tags

Environment Variables:
JAVA_HOME=F:\jdk-22
CLASSPATH=.;
PATH=F:\Git\mingw64\libexec\git-core;F:\Git\mingw64\libexec\git-core;F:\Git\mingw64\bin;F:\Git\usr\bin;C:\Users\Administrator\bin;F:\Python310\Scripts;F:\Python310;C:\Python312\Scripts;C:\Python312;G:\ActiveTcl\bin;C:\Program Files\Common Files\Oracle\Java\javapath;C:\Program Files (x86)\Common Files\Oracle\Java\javapath;C:\windows\system32;C:\windows;C:\windows\System32\Wbem;C:\windows\System32\WindowsPowerShell\v1.0;C:\windows\System32\OpenSSH;C:\turtle-editor2\resources\app.asar.unpacked\Python-win64;E:\py;E:\py\Scripts;E:\jdk-20\bin;E:\LuaDist-batteries-0.9.8-Windows-x86\Binaries-LuaDist-batteries-0.9.8-Windows-x86\bin;C:\Users\Administrator\Downloads\Lua-To-EXE-master\Lua-To-EXE-master;E:\py\Lib\site-packages\pywin32_system32E;F:\Git\py\Lib\site-packages\pywin32_system32;E:\msys64;E:\msys64\mingw64\bin;C:\turtle-editor2\resources\app.asar.unpacked\Python-win64\python3.8.exe;C:\Program Files (x86)\Lua\5.1;C:\Program Files (x86)\Lua\5.1\clibs;C:\Program Files\dotnet;F:\v;F:\mingw64\bin;C:\ProgramData\chocolatey\bin;F:\Git\cmd;F:\Git\usr\bin;F:\dart-sdk\bin;F:\ProgramData\chocolatey;F:\Python312;F:\Python312\Scripts;F:\nodejs;F:\jdk-22\bin;F:\sciter-sdk\bin.win\x64;F:\Program Files\CMake\bin;F:\rust\.rustup;F:\rust\.cargo;F:\JetBrains\Shell;F:\Program Files\GTK3-Runtime Win64\bin;F:\web2py;C:\WINDOWS\system32;C:\WINDOWS;C:\WINDOWS\System32\Wbem;C:\WINDOWS\System32\WindowsPowerShell\v1.0;C:\WINDOWS\System32\OpenSSH;F:\msys64\mingw64\bin;F:\Program Files (x86)\Elm\0.19.1\bin;F:\rust\.cargo\bin;C:\Users\Administrator\scoop\shims;C:\Users\Administrator\.cargo\bin;C:\Users\Administrator\AppData\Local\Microsoft\WindowsApps;C:\turtle-editor2\resources\app.asar.unpacked\Python-win64;E:\py;E:\py\Scripts;E:\jdk-20\bin;C:\Program Files\JetBrains\IntelliJ IDEA Community Edition 2023.1\bin;E:\LuaDist-batteries-0.9.8-Windows-x86\Binaries-LuaDist-batteries-0.9.8-Windows-x86\bin;C:\Users\Administrator\Downloads\Lua-To-EXE-master\Lua-To-EXE-master;C:\turtle-editor2\resources\app.asar
USERNAME=Administrator
DISPLAY=:0.0
LC_ALL=en_US.UTF-8
TERM=xterm-256color
TMPDIR=C:\Users\ADMINI~1\AppData\Local\Temp
OS=Windows_NT
PROCESSOR_IDENTIFIER=Intel64 Family 6 Model 60 Stepping 3, GenuineIntel
TMP=C:\Users\ADMINI~1\AppData\Local\Temp
TEMP=C:\Users\ADMINI~1\AppData\Local\Temp



Periodic native trim disabled

JNI global refs:
JNI global refs: 0, weak refs: 0

JNI global refs memory usage: 0, weak refs: 0

OOME stack traces (most recent first):
Classloader memory used:


---------------  S Y S T E M  ---------------

OS:
 Windows 10 , 64 bit Build 19041 (10.0.19041.1)
OS uptime: 0 days 2:47 hours

CPU: total 4 (initial active 4) (4 cores per cpu, 1 threads per core) family 6 model 60 stepping 3 microcode 0x27, cx8, cmov, fxsr, mmx, sse, sse2, sse3, ssse3, sse4.1, sse4.2, popcnt, lzcnt, tsc, tscinvbit, avx, avx2, aes, erms, clmul, bmi1, bmi2, fma, vzeroupper, clflush
Processor Information for all 4 processors :
  Max Mhz: 3301, Current Mhz: 3301, Mhz Limit: 3301

Memory: 4k page, system-wide physical 12161M (492M free)
TotalPageFile size 21505M (AvailPageFile size 19M)
current process WorkingSet (physical memory assigned to process): 12M, peak: 12M
current process commit charge ("private bytes"): 52M, peak: 244M

vm_info: OpenJDK 64-Bit Server VM (17.0.9+7-b1000.46) for windows-amd64 JRE (17.0.9+7-b1000.46), built on 2023-10-27 by "builduser" with MS VC++ 16.10 / 16.11 (VS2019)

END.
